Recherche de git dans : git
Utilisation de git 2.25.1 à partir de git
> git rev-parse --git-dir
Open repository: /var/www/my-symfony
> git status -z -u
> git symbolic-ref --short HEAD
> git rev-parse master
fatal: ambiguous argument 'master': unknown revision or path not in the working tree.
Use '--' to separate paths from revisions, like this:
'git <command> [<revision>...] -- [<file>...]'
> git for-each-ref --sort -committerdate --format %(refname) %(objectname)
> git remote --verbose
> git config --get commit.template
> git show --textconv :src/routes.php
> git ls-files --stage -- /var/www/my-symfony/src/routes.php
> git check-ignore -v -z --stdin
> git check-ignore -v -z --stdin
> git check-ignore -v -z --stdin
> git show --textconv :tests/IndexTest.php
> git ls-files --stage -- /var/www/my-symfony/tests/IndexTest.php
