[2020-10-14 11:52:04.156] [exthost] [info] extension host started
[2020-10-14 11:52:04.167] [exthost] [info] ExtensionService#_doActivateExtension vscode.microsoft-authentication {"startup":false,"extensionId":{"value":"vscode.microsoft-authentication","_lower":"vscode.microsoft-authentication"},"activationEvent":"onAuthenticationRequest:microsoft"}
[2020-10-14 11:52:04.168] [exthost] [info] ExtensionService#loadCommonJSModule file:///usr/share/code/resources/app/extensions/microsoft-authentication/dist/extension.js
[2020-10-14 11:52:04.621] [exthost] [info] ExtensionService#_doActivateExtension vscode.github-authentication {"startup":false,"extensionId":{"value":"vscode.github-authentication","_lower":"vscode.github-authentication"},"activationEvent":"onAuthenticationRequest:github"}
[2020-10-14 11:52:04.621] [exthost] [info] ExtensionService#loadCommonJSModule file:///usr/share/code/resources/app/extensions/github-authentication/dist/extension.js
[2020-10-14 11:52:04.793] [exthost] [info] ExtensionService#_doActivateExtension vscode.php-language-features {"startup":false,"extensionId":{"value":"vscode.php-language-features","_lower":"vscode.php-language-features"},"activationEvent":"onLanguage:php"}
[2020-10-14 11:52:04.793] [exthost] [info] ExtensionService#loadCommonJSModule file:///usr/share/code/resources/app/extensions/php-language-features/dist/phpMain
[2020-10-14 11:52:05.072] [exthost] [info] ExtensionService#_doActivateExtension felixfbecker.php-intellisense {"startup":false,"extensionId":{"value":"felixfbecker.php-intellisense","_lower":"felixfbecker.php-intellisense"},"activationEvent":"onLanguage:php"}
[2020-10-14 11:52:05.073] [exthost] [info] ExtensionService#loadCommonJSModule file:///root/.vscode/extensions/felixfbecker.php-intellisense-2.3.14/out/extension
[2020-10-14 11:52:05.927] [exthost] [info] ExtensionService#_doActivateExtension MehediDracula.php-namespace-resolver {"startup":false,"extensionId":{"value":"MehediDracula.php-namespace-resolver","_lower":"mehedidracula.php-namespace-resolver"},"activationEvent":"onLanguage:php"}
[2020-10-14 11:52:05.927] [exthost] [info] ExtensionService#loadCommonJSModule file:///root/.vscode/extensions/mehedidracula.php-namespace-resolver-1.1.8/src/extension
[2020-10-14 11:52:05.972] [exthost] [info] ExtensionService#_doActivateExtension neilbrayfield.php-docblocker {"startup":false,"extensionId":{"value":"neilbrayfield.php-docblocker","_lower":"neilbrayfield.php-docblocker"},"activationEvent":"onLanguage:php"}
[2020-10-14 11:52:05.972] [exthost] [info] ExtensionService#loadCommonJSModule file:///root/.vscode/extensions/neilbrayfield.php-docblocker-2.1.0/out/src/extension
[2020-10-14 11:52:06.035] [exthost] [info] ExtensionService#_doActivateExtension vscode.debug-auto-launch {"startup":true,"extensionId":{"value":"vscode.debug-auto-launch","_lower":"vscode.debug-auto-launch"},"activationEvent":"*"}
[2020-10-14 11:52:06.035] [exthost] [info] ExtensionService#loadCommonJSModule file:///usr/share/code/resources/app/extensions/debug-auto-launch/dist/extension
[2020-10-14 11:52:06.042] [exthost] [info] ExtensionService#_doActivateExtension vscode.emmet {"startup":true,"extensionId":{"value":"vscode.emmet","_lower":"vscode.emmet"},"activationEvent":"*"}
[2020-10-14 11:52:06.042] [exthost] [info] ExtensionService#loadCommonJSModule file:///usr/share/code/resources/app/extensions/emmet/dist/node/emmetNodeMain
[2020-10-14 11:52:06.101] [exthost] [info] ExtensionService#_doActivateExtension vscode.git {"startup":true,"extensionId":{"value":"vscode.github","_lower":"vscode.github"},"activationEvent":"*"}
[2020-10-14 11:52:06.102] [exthost] [info] ExtensionService#loadCommonJSModule file:///usr/share/code/resources/app/extensions/git/dist/main
[2020-10-14 11:52:06.160] [exthost] [info] ExtensionService#_doActivateExtension vscode.merge-conflict {"startup":true,"extensionId":{"value":"vscode.merge-conflict","_lower":"vscode.merge-conflict"},"activationEvent":"*"}
[2020-10-14 11:52:06.160] [exthost] [info] ExtensionService#loadCommonJSModule file:///usr/share/code/resources/app/extensions/merge-conflict/dist/mergeConflictMain
[2020-10-14 11:52:06.164] [exthost] [info] ExtensionService#_doActivateExtension vscode.search-result {"startup":true,"extensionId":{"value":"vscode.search-result","_lower":"vscode.search-result"},"activationEvent":"*"}
[2020-10-14 11:52:06.164] [exthost] [info] ExtensionService#loadCommonJSModule file:///usr/share/code/resources/app/extensions/search-result/dist/extension.js
[2020-10-14 11:52:06.186] [exthost] [info] ExtensionService#_doActivateExtension jakethashi.vscode-angular2-emmet {"startup":true,"extensionId":{"value":"jakethashi.vscode-angular2-emmet","_lower":"jakethashi.vscode-angular2-emmet"},"activationEvent":"*"}
[2020-10-14 11:52:06.186] [exthost] [info] ExtensionService#loadCommonJSModule file:///root/.vscode/extensions/jakethashi.vscode-angular2-emmet-2.0.3/out/src/extension
[2020-10-14 11:52:06.412] [exthost] [info] ExtensionService#_doActivateExtension Shan.code-settings-sync {"startup":true,"extensionId":{"value":"Shan.code-settings-sync","_lower":"shan.code-settings-sync"},"activationEvent":"*"}
[2020-10-14 11:52:06.412] [exthost] [info] ExtensionService#loadCommonJSModule file:///root/.vscode/extensions/shan.code-settings-sync-3.4.3/out/extension.js
[2020-10-14 11:52:07.241] [exthost] [info] ExtensionService#_doActivateExtension vscode.github {"startup":true,"extensionId":{"value":"vscode.github","_lower":"vscode.github"},"activationEvent":"*"}
[2020-10-14 11:52:07.241] [exthost] [info] ExtensionService#loadCommonJSModule file:///usr/share/code/resources/app/extensions/github/dist/extension.js
[2020-10-14 11:52:07.686] [exthost] [info] ExtensionService#_doActivateExtension esbenp.prettier-vscode {"startup":false,"extensionId":{"value":"esbenp.prettier-vscode","_lower":"esbenp.prettier-vscode"},"activationEvent":"onStartupFinished"}
[2020-10-14 11:52:07.686] [exthost] [info] ExtensionService#loadCommonJSModule file:///root/.vscode/extensions/esbenp.prettier-vscode-5.7.1/dist/extension
[2020-10-14 11:52:08.270] [exthost] [info] eager extensions activated
[2020-10-14 12:28:36.069] [exthost] [error] [felixfbecker.php-intellisense] provider FAILED
[2020-10-14 12:28:36.075] [exthost] [error] Error: name must not be falsy
	at Function.validate (/usr/share/code/resources/app/out/vs/workbench/services/extensions/node/extensionHostProcess.js:510:799)
	at new S (/usr/share/code/resources/app/out/vs/workbench/services/extensions/node/extensionHostProcess.js:510:748)
	at new S (/usr/share/code/resources/app/out/vs/workbench/services/extensions/node/extensionHostProcess.js:497:187)
	at asSymbolInformation (/root/.vscode/extensions/felixfbecker.php-intellisense-2.3.14/node_modules/vscode-languageclient/lib/protocolConverter.js:347:22)
	at /root/.vscode/extensions/felixfbecker.php-intellisense-2.3.14/node_modules/vscode-languageclient/lib/protocolConverter.js:336:42
	at Array.map (<anonymous>)
	at Object.asSymbolInformations (/root/.vscode/extensions/felixfbecker.php-intellisense-2.3.14/node_modules/vscode-languageclient/lib/protocolConverter.js:336:23)
	at /root/.vscode/extensions/felixfbecker.php-intellisense-2.3.14/node_modules/vscode-languageclient/lib/client.js:1002:62
[2020-10-14 12:28:37.854] [exthost] [error] [felixfbecker.php-intellisense] provider FAILED
[2020-10-14 12:28:37.854] [exthost] [error] Error: name must not be falsy
	at Function.validate (/usr/share/code/resources/app/out/vs/workbench/services/extensions/node/extensionHostProcess.js:510:799)
	at new S (/usr/share/code/resources/app/out/vs/workbench/services/extensions/node/extensionHostProcess.js:510:748)
	at new S (/usr/share/code/resources/app/out/vs/workbench/services/extensions/node/extensionHostProcess.js:497:187)
	at asSymbolInformation (/root/.vscode/extensions/felixfbecker.php-intellisense-2.3.14/node_modules/vscode-languageclient/lib/protocolConverter.js:347:22)
	at /root/.vscode/extensions/felixfbecker.php-intellisense-2.3.14/node_modules/vscode-languageclient/lib/protocolConverter.js:336:42
	at Array.map (<anonymous>)
	at Object.asSymbolInformations (/root/.vscode/extensions/felixfbecker.php-intellisense-2.3.14/node_modules/vscode-languageclient/lib/protocolConverter.js:336:23)
	at /root/.vscode/extensions/felixfbecker.php-intellisense-2.3.14/node_modules/vscode-languageclient/lib/client.js:1002:62
[2020-10-14 14:19:03.152] [exthost] [error] [felixfbecker.php-intellisense] provider FAILED
[2020-10-14 14:19:03.152] [exthost] [error] Error: name must not be falsy
	at Function.validate (/usr/share/code/resources/app/out/vs/workbench/services/extensions/node/extensionHostProcess.js:510:799)
	at new S (/usr/share/code/resources/app/out/vs/workbench/services/extensions/node/extensionHostProcess.js:510:748)
	at new S (/usr/share/code/resources/app/out/vs/workbench/services/extensions/node/extensionHostProcess.js:497:187)
	at asSymbolInformation (/root/.vscode/extensions/felixfbecker.php-intellisense-2.3.14/node_modules/vscode-languageclient/lib/protocolConverter.js:347:22)
	at /root/.vscode/extensions/felixfbecker.php-intellisense-2.3.14/node_modules/vscode-languageclient/lib/protocolConverter.js:336:42
	at Array.map (<anonymous>)
	at Object.asSymbolInformations (/root/.vscode/extensions/felixfbecker.php-intellisense-2.3.14/node_modules/vscode-languageclient/lib/protocolConverter.js:336:23)
	at /root/.vscode/extensions/felixfbecker.php-intellisense-2.3.14/node_modules/vscode-languageclient/lib/client.js:1002:62
[2020-10-14 14:19:04.008] [exthost] [error] [felixfbecker.php-intellisense] provider FAILED
[2020-10-14 14:19:04.008] [exthost] [error] Error: name must not be falsy
	at Function.validate (/usr/share/code/resources/app/out/vs/workbench/services/extensions/node/extensionHostProcess.js:510:799)
	at new S (/usr/share/code/resources/app/out/vs/workbench/services/extensions/node/extensionHostProcess.js:510:748)
	at new S (/usr/share/code/resources/app/out/vs/workbench/services/extensions/node/extensionHostProcess.js:497:187)
	at asSymbolInformation (/root/.vscode/extensions/felixfbecker.php-intellisense-2.3.14/node_modules/vscode-languageclient/lib/protocolConverter.js:347:22)
	at /root/.vscode/extensions/felixfbecker.php-intellisense-2.3.14/node_modules/vscode-languageclient/lib/protocolConverter.js:336:42
	at Array.map (<anonymous>)
	at Object.asSymbolInformations (/root/.vscode/extensions/felixfbecker.php-intellisense-2.3.14/node_modules/vscode-languageclient/lib/protocolConverter.js:336:23)
	at /root/.vscode/extensions/felixfbecker.php-intellisense-2.3.14/node_modules/vscode-languageclient/lib/client.js:1002:62
[2020-10-14 15:50:31.291] [exthost] [info] ExtensionService#_doActivateExtension vscode.configuration-editing {"startup":false,"extensionId":{"value":"vscode.configuration-editing","_lower":"vscode.configuration-editing"},"activationEvent":"onLanguage:json"}
[2020-10-14 15:50:31.291] [exthost] [info] ExtensionService#loadCommonJSModule file:///usr/share/code/resources/app/extensions/configuration-editing/dist/configurationEditingMain
[2020-10-14 15:50:31.317] [exthost] [info] ExtensionService#_doActivateExtension vscode.extension-editing {"startup":false,"extensionId":{"value":"vscode.extension-editing","_lower":"vscode.extension-editing"},"activationEvent":"onLanguage:json"}
[2020-10-14 15:50:31.317] [exthost] [info] ExtensionService#loadCommonJSModule file:///usr/share/code/resources/app/extensions/extension-editing/dist/extensionEditingMain
[2020-10-14 15:50:31.372] [exthost] [info] ExtensionService#_doActivateExtension vscode.json-language-features {"startup":false,"extensionId":{"value":"vscode.json-language-features","_lower":"vscode.json-language-features"},"activationEvent":"onLanguage:json"}
[2020-10-14 15:50:31.372] [exthost] [info] ExtensionService#loadCommonJSModule file:///usr/share/code/resources/app/extensions/json-language-features/client/dist/node/jsonClientMain
[2020-10-14 15:50:31.425] [exthost] [info] ExtensionService#_doActivateExtension ms-vscode.js-debug {"startup":false,"extensionId":{"value":"ms-vscode.js-debug","_lower":"ms-vscode.js-debug"},"activationEvent":"onLanguage:json"}
[2020-10-14 15:50:31.425] [exthost] [info] ExtensionService#loadCommonJSModule file:///usr/share/code/resources/app/extensions/ms-vscode.js-debug/src/extension.js
[2020-10-14 15:50:31.679] [exthost] [info] ExtensionService#_doActivateExtension vscode.npm {"startup":false,"extensionId":{"value":"vscode.npm","_lower":"vscode.npm"},"activationEvent":"onLanguage:json"}
[2020-10-14 15:50:31.679] [exthost] [info] ExtensionService#loadCommonJSModule file:///usr/share/code/resources/app/extensions/npm/dist/npmMain
[2020-10-14 15:54:15.561] [exthost] [error] [felixfbecker.php-intellisense] provider FAILED
[2020-10-14 15:54:15.561] [exthost] [error] Error: name must not be falsy
	at Function.validate (/usr/share/code/resources/app/out/vs/workbench/services/extensions/node/extensionHostProcess.js:510:799)
	at new S (/usr/share/code/resources/app/out/vs/workbench/services/extensions/node/extensionHostProcess.js:510:748)
	at new S (/usr/share/code/resources/app/out/vs/workbench/services/extensions/node/extensionHostProcess.js:497:187)
	at asSymbolInformation (/root/.vscode/extensions/felixfbecker.php-intellisense-2.3.14/node_modules/vscode-languageclient/lib/protocolConverter.js:347:22)
	at /root/.vscode/extensions/felixfbecker.php-intellisense-2.3.14/node_modules/vscode-languageclient/lib/protocolConverter.js:336:42
	at Array.map (<anonymous>)
	at Object.asSymbolInformations (/root/.vscode/extensions/felixfbecker.php-intellisense-2.3.14/node_modules/vscode-languageclient/lib/protocolConverter.js:336:23)
	at /root/.vscode/extensions/felixfbecker.php-intellisense-2.3.14/node_modules/vscode-languageclient/lib/client.js:1002:62
[2020-10-14 15:54:17.050] [exthost] [error] [felixfbecker.php-intellisense] provider FAILED
[2020-10-14 15:54:17.051] [exthost] [error] Error: name must not be falsy
	at Function.validate (/usr/share/code/resources/app/out/vs/workbench/services/extensions/node/extensionHostProcess.js:510:799)
	at new S (/usr/share/code/resources/app/out/vs/workbench/services/extensions/node/extensionHostProcess.js:510:748)
	at new S (/usr/share/code/resources/app/out/vs/workbench/services/extensions/node/extensionHostProcess.js:497:187)
	at asSymbolInformation (/root/.vscode/extensions/felixfbecker.php-intellisense-2.3.14/node_modules/vscode-languageclient/lib/protocolConverter.js:347:22)
	at /root/.vscode/extensions/felixfbecker.php-intellisense-2.3.14/node_modules/vscode-languageclient/lib/protocolConverter.js:336:42
	at Array.map (<anonymous>)
	at Object.asSymbolInformations (/root/.vscode/extensions/felixfbecker.php-intellisense-2.3.14/node_modules/vscode-languageclient/lib/protocolConverter.js:336:23)
	at /root/.vscode/extensions/felixfbecker.php-intellisense-2.3.14/node_modules/vscode-languageclient/lib/client.js:1002:62
[2020-10-14 15:58:26.358] [exthost] [error] [felixfbecker.php-intellisense] provider FAILED
[2020-10-14 15:58:26.359] [exthost] [error] Error: name must not be falsy
	at Function.validate (/usr/share/code/resources/app/out/vs/workbench/services/extensions/node/extensionHostProcess.js:510:799)
	at new S (/usr/share/code/resources/app/out/vs/workbench/services/extensions/node/extensionHostProcess.js:510:748)
	at new S (/usr/share/code/resources/app/out/vs/workbench/services/extensions/node/extensionHostProcess.js:497:187)
	at asSymbolInformation (/root/.vscode/extensions/felixfbecker.php-intellisense-2.3.14/node_modules/vscode-languageclient/lib/protocolConverter.js:347:22)
	at /root/.vscode/extensions/felixfbecker.php-intellisense-2.3.14/node_modules/vscode-languageclient/lib/protocolConverter.js:336:42
	at Array.map (<anonymous>)
	at Object.asSymbolInformations (/root/.vscode/extensions/felixfbecker.php-intellisense-2.3.14/node_modules/vscode-languageclient/lib/protocolConverter.js:336:23)
	at /root/.vscode/extensions/felixfbecker.php-intellisense-2.3.14/node_modules/vscode-languageclient/lib/client.js:1002:62
[2020-10-14 15:58:27.582] [exthost] [error] [felixfbecker.php-intellisense] provider FAILED
[2020-10-14 15:58:27.582] [exthost] [error] Error: name must not be falsy
	at Function.validate (/usr/share/code/resources/app/out/vs/workbench/services/extensions/node/extensionHostProcess.js:510:799)
	at new S (/usr/share/code/resources/app/out/vs/workbench/services/extensions/node/extensionHostProcess.js:510:748)
	at new S (/usr/share/code/resources/app/out/vs/workbench/services/extensions/node/extensionHostProcess.js:497:187)
	at asSymbolInformation (/root/.vscode/extensions/felixfbecker.php-intellisense-2.3.14/node_modules/vscode-languageclient/lib/protocolConverter.js:347:22)
	at /root/.vscode/extensions/felixfbecker.php-intellisense-2.3.14/node_modules/vscode-languageclient/lib/protocolConverter.js:336:42
	at Array.map (<anonymous>)
	at Object.asSymbolInformations (/root/.vscode/extensions/felixfbecker.php-intellisense-2.3.14/node_modules/vscode-languageclient/lib/protocolConverter.js:336:23)
	at /root/.vscode/extensions/felixfbecker.php-intellisense-2.3.14/node_modules/vscode-languageclient/lib/client.js:1002:62
[2020-10-14 15:58:54.908] [exthost] [error] [felixfbecker.php-intellisense] provider FAILED
[2020-10-14 15:58:54.908] [exthost] [error] Error: name must not be falsy
	at Function.validate (/usr/share/code/resources/app/out/vs/workbench/services/extensions/node/extensionHostProcess.js:510:799)
	at new S (/usr/share/code/resources/app/out/vs/workbench/services/extensions/node/extensionHostProcess.js:510:748)
	at new S (/usr/share/code/resources/app/out/vs/workbench/services/extensions/node/extensionHostProcess.js:497:187)
	at asSymbolInformation (/root/.vscode/extensions/felixfbecker.php-intellisense-2.3.14/node_modules/vscode-languageclient/lib/protocolConverter.js:347:22)
	at /root/.vscode/extensions/felixfbecker.php-intellisense-2.3.14/node_modules/vscode-languageclient/lib/protocolConverter.js:336:42
	at Array.map (<anonymous>)
	at Object.asSymbolInformations (/root/.vscode/extensions/felixfbecker.php-intellisense-2.3.14/node_modules/vscode-languageclient/lib/protocolConverter.js:336:23)
	at /root/.vscode/extensions/felixfbecker.php-intellisense-2.3.14/node_modules/vscode-languageclient/lib/client.js:1002:62
